TN:
SF:C:/Users/stain/proyectos/PSAngularUnitTestingCourse/src/polyfills.ts
FNF:0
FNH:0
DA:46,1
DA:60,1
LF:2
LH:2
BRF:0
BRH:0
end_of_record
TN:
SF:C:/Users/stain/proyectos/PSAngularUnitTestingCourse/src/test.ts
FN:20,(anonymous_0)
FNF:1
FNH:1
FNDA:1,(anonymous_0)
DA:3,1
DA:4,1
DA:5,1
DA:6,1
DA:7,1
DA:8,1
DA:9,1
DA:10,1
DA:20,1
DA:23,1
DA:28,1
DA:30,1
DA:32,1
LF:13
LH:13
BRF:0
BRH:0
end_of_record
TN:
SF:C:/Users/stain/proyectos/PSAngularUnitTestingCourse/src/app/hero.service.ts
FN:15,(anonymous_2)
FN:18,HeroService
FN:21,(anonymous_4)
FN:24,(anonymous_5)
FN:28,(anonymous_6)
FN:31,(anonymous_7)
FN:32,(anonymous_8)
FN:41,(anonymous_9)
FN:46,(anonymous_10)
FN:52,(anonymous_11)
FN:60,(anonymous_12)
FN:68,(anonymous_13)
FN:72,(anonymous_14)
FN:78,(anonymous_15)
FN:84,(anonymous_16)
FN:88,(anonymous_17)
FN:91,(anonymous_18)
FN:100,(anonymous_19)
FN:101,(anonymous_20)
FN:114,(anonymous_21)
FNF:20
FNH:6
FNDA:1,(anonymous_2)
FNDA:1,HeroService
FNDA:0,(anonymous_4)
FNDA:0,(anonymous_5)
FNDA:0,(anonymous_6)
FNDA:0,(anonymous_7)
FNDA:0,(anonymous_8)
FNDA:1,(anonymous_9)
FNDA:1,(anonymous_10)
FNDA:0,(anonymous_11)
FNDA:0,(anonymous_12)
FNDA:0,(anonymous_13)
FNDA:0,(anonymous_14)
FNDA:0,(anonymous_15)
FNDA:0,(anonymous_16)
FNDA:0,(anonymous_17)
FNDA:0,(anonymous_18)
FNDA:1,(anonymous_19)
FNDA:0,(anonymous_20)
FNDA:1,(anonymous_21)
DA:1,1
DA:2,1
DA:4,1
DA:5,1
DA:8,1
DA:10,1
DA:15,1
DA:16,1
DA:18,1
DA:21,1
DA:22,0
DA:24,0
DA:28,1
DA:29,0
DA:30,0
DA:31,0
DA:33,0
DA:34,0
DA:41,1
DA:42,1
DA:43,1
DA:46,1
DA:52,1
DA:53,0
DA:55,0
DA:57,0
DA:60,0
DA:68,1
DA:69,0
DA:72,0
DA:78,1
DA:79,0
DA:80,0
DA:82,0
DA:84,0
DA:88,1
DA:89,0
DA:91,0
DA:100,1
DA:101,1
DA:103,0
DA:106,0
DA:109,0
DA:114,1
DA:115,1
DA:117,1
LF:46
LH:24
BRDA:33,0,0,0
BRDA:33,0,1,0
BRDA:53,1,0,0
BRDA:53,1,1,0
BRDA:79,2,0,0
BRDA:79,2,1,0
BRDA:100,3,0,0
BRDA:100,3,1,1
BRF:8
BRH:1
end_of_record
TN:
SF:C:/Users/stain/proyectos/PSAngularUnitTestingCourse/src/app/hero.ts
FN:1,(anonymous_0)
FNF:1
FNH:1
FNDA:1,(anonymous_0)
DA:1,1
DA:5,1
LF:2
LH:2
BRF:0
BRH:0
end_of_record
TN:
SF:C:/Users/stain/proyectos/PSAngularUnitTestingCourse/src/app/message.service.ts
FN:4,(anonymous_1)
FN:3,MessageService
FN:7,(anonymous_3)
FN:11,(anonymous_4)
FNF:4
FNH:4
FNDA:1,(anonymous_1)
FNDA:3,MessageService
FNDA:2,(anonymous_3)
FNDA:1,(anonymous_4)
DA:1,1
DA:4,1
DA:5,3
DA:7,1
DA:8,2
DA:11,1
DA:12,1
DA:14,1
LF:8
LH:8
BRF:0
BRH:0
end_of_record
TN:
SF:C:/Users/stain/proyectos/PSAngularUnitTestingCourse/src/app/hero/hero.component.ts
FN:9,(anonymous_2)
FN:4,HeroComponent
FN:13,(anonymous_4)
FNF:3
FNH:2
FNDA:1,(anonymous_2)
FNDA:15,HeroComponent
FNDA:0,(anonymous_4)
DA:1,1
DA:2,1
DA:9,1
DA:10,1
DA:11,16
DA:13,1
DA:14,0
DA:15,0
DA:17,1
LF:9
LH:7
BRF:0
BRH:0
end_of_record
TN:
SF:C:/Users/stain/proyectos/PSAngularUnitTestingCourse/src/app/hero-detail/hero-detail.component.ts
FN:13,(anonymous_2)
FN:16,HeroDetailComponent
FN:18,(anonymous_4)
FN:22,(anonymous_5)
FN:24,(anonymous_6)
FN:27,(anonymous_7)
FN:31,(anonymous_8)
FN:32,(anonymous_9)
FN:33,(anonymous_10)
FN:49,debounce
FN:51,(anonymous_12)
FN:54,(anonymous_13)
FNF:12
FNH:9
FNDA:1,(anonymous_2)
FNDA:2,HeroDetailComponent
FNDA:2,(anonymous_4)
FNDA:2,(anonymous_5)
FNDA:2,(anonymous_6)
FNDA:1,(anonymous_7)
FNDA:1,(anonymous_8)
FNDA:1,(anonymous_9)
FNDA:1,(anonymous_10)
FNDA:0,debounce
FNDA:0,(anonymous_12)
FNDA:0,(anonymous_13)
DA:1,1
DA:2,1
DA:3,1
DA:5,1
DA:6,1
DA:13,1
DA:14,1
DA:16,2
DA:18,1
DA:19,2
DA:22,2
DA:23,2
DA:24,2
DA:27,1
DA:28,1
DA:31,1
DA:32,1
DA:33,1
DA:34,1
DA:47,1
DA:51,0
DA:52,0
DA:53,0
DA:54,0
DA:55,0
DA:56,0
DA:57,0
DA:60,0
DA:61,0
DA:62,0
DA:63,0
DA:64,0
LF:32
LH:20
BRDA:56,0,0,0
BRDA:56,0,1,0
BRDA:60,1,0,0
BRDA:60,1,1,0
BRDA:63,2,0,0
BRDA:63,2,1,0
BRF:6
BRH:0
end_of_record
TN:
SF:C:/Users/stain/proyectos/PSAngularUnitTestingCourse/src/app/heroes/heroes.component.ts
FN:11,(anonymous_2)
FN:14,HeroesComponent
FN:16,(anonymous_4)
FN:20,(anonymous_5)
FN:21,(anonymous_6)
FN:24,(anonymous_7)
FN:30,(anonymous_8)
FN:35,(anonymous_9)
FN:36,(anonymous_10)
FNF:9
FNH:9
FNDA:1,(anonymous_2)
FNDA:8,HeroesComponent
FNDA:6,(anonymous_4)
FNDA:6,(anonymous_5)
FNDA:6,(anonymous_6)
FNDA:1,(anonymous_7)
FNDA:1,(anonymous_8)
FNDA:2,(anonymous_9)
FNDA:6,(anonymous_10)
DA:1,1
DA:4,1
DA:11,1
DA:14,8
DA:16,1
DA:17,6
DA:20,6
DA:21,6
DA:24,1
DA:25,1
DA:26,1
DA:27,1
DA:28,0
DA:30,1
DA:31,1
DA:35,1
DA:36,6
DA:37,2
DA:39,1
LF:19
LH:18
BRDA:27,0,0,0
BRDA:27,0,1,1
BRF:2
BRH:1
end_of_record
TN:
SF:C:/Users/stain/proyectos/PSAngularUnitTestingCourse/src/app/strength/strength.pipe.ts
FN:6,(anonymous_1)
FN:7,(anonymous_3)
FNF:2
FNH:2
FNDA:3,(anonymous_1)
FNDA:2,(anonymous_3)
DA:1,1
DA:6,1
DA:7,1
DA:8,2
DA:9,1
DA:10,1
DA:11,1
DA:13,0
DA:16,1
LF:9
LH:8
BRDA:8,0,0,1
BRDA:8,0,1,1
BRDA:10,1,0,1
BRDA:10,1,1,0
BRDA:10,2,0,1
BRDA:10,2,1,1
BRF:6
BRH:5
end_of_record
